=/pretest.json
{
  _: [],
  f: [
    '/home/runner/work/exp-oops-with-java-programming-AIMT/exp-oops-with-java-programming-AIMT/experiment/pretest.json'
  ],
  files: [
    '/home/runner/work/exp-oops-with-java-programming-AIMT/exp-oops-with-java-programming-AIMT/experiment/pretest.json'
  ],
  c: 'assessment',
  contentTypes: 'assessment',
  'content-types': 'assessment',
  '$0': 'validate'
}
Failed while validating /home/runner/work/exp-oops-with-java-programming-AIMT/exp-oops-with-java-programming-AIMT/experiment/pretest.json
SyntaxError: /home/runner/work/exp-oops-with-java-programming-AIMT/exp-oops-with-java-programming-AIMT/experiment/pretest.json: Unexpected token , in JSON at position 6378
=/posttest.json
{
  _: [],
  f: [
    '/home/runner/work/exp-oops-with-java-programming-AIMT/exp-oops-with-java-programming-AIMT/experiment/posttest.json'
  ],
  files: [
    '/home/runner/work/exp-oops-with-java-programming-AIMT/exp-oops-with-java-programming-AIMT/experiment/posttest.json'
  ],
  c: 'assessment',
  contentTypes: 'assessment',
  'content-types': 'assessment',
  '$0': 'validate'
}
Validated true
